2013/01/14 01:45:39 [error] [php] Undefined variable: file (/home/www/sitessvn/yii/demos/ireport/protected/controllers/SiteController.php:29)
Stack trace:
#0 /home/www/sitessvn/yii/framework/web/CController.php(287): SiteController->runAction()
#1 /home/www/sitessvn/yii/framework/web/CController.php(266): SiteController->runActionWithFilters()
#2 /home/www/sitessvn/yii/framework/web/CWebApplication.php(283): SiteController->run()
#3 /home/www/sitessvn/yii/framework/web/CWebApplication.php(142): CWebApplication->runController()
#4 /home/www/sitessvn/yii/framework/base/CApplication.php(162): CWebApplication->processRequest()
#5 /home/www/sitessvn/yii/demos/ireport/index.php(13): CWebApplication->run()
REQUEST_URI=/ireport/index.php?r=site/index&type=jasphp&file=sample3&p=1
in /home/www/sitessvn/yii/demos/ireport/protected/controllers/SiteController.php (29)
in /home/www/sitessvn/yii/demos/ireport/index.php (13)
2013/01/14 01:46:14 [error] [exception.JasperReaderException] exception 'JasperReaderException' with message 'This file doesn`t exists: /home/www/sitessvn/yii/demos/ireport/protected/controllers/../relatorios//home/www/sitessvn/yii/demos/ireport/protected/controllers/../relatorios/sample3.jrxml' in /home/www/sitessvn/yii/demos/ireport/protected/extensions/jasPHP/utils/FileUtils.php:15
Stack trace:
#0 /home/www/sitessvn/yii/demos/ireport/protected/extensions/jasPHP/JasperReader.php(79): FileUtils::readFile('/home/www/sites...')
#1 /home/www/sitessvn/yii/demos/ireport/protected/extensions/jasPHP/JasPHP.php(6): JasperReader->read('/home/www/sites...', '/home/www/sites...', Array, NULL)
#2 /home/www/sitessvn/yii/demos/ireport/protected/controllers/SiteController.php(33): JasPHP->create('/home/www/sites...', '/home/www/sites...', Array)
#3 /home/www/sitessvn/yii/framework/web/actions/CInlineAction.php(50): SiteController->actionIndex()
#4 /home/www/sitessvn/yii/framework/web/CController.php(309): CInlineAction->runWithParams(Array)
#5 /home/www/sitessvn/yii/framework/web/CController.php(287): CController->runAction(Object(CInlineAction))
#6 /home/www/sitessvn/yii/framework/web/CController.php(266): CController->runActionWithFilters(Object(CInlineAction), Array)
#7 /home/www/sitessvn/yii/framework/web/CWebApplication.php(283): CController->run('index')
#8 /home/www/sitessvn/yii/framework/web/CWebApplication.php(142): CWebApplication->runController('site/index')
#9 /home/www/sitessvn/yii/framework/base/CApplication.php(162): CWebApplication->processRequest()
#10 /home/www/sitessvn/yii/demos/ireport/index.php(13): CApplication->run()
#11 {main}
REQUEST_URI=/ireport/index.php?r=site/index&type=jasphp&file=sample3&p=1
HTTP_REFERER=http://download.ynamics.com/ireport/
---
2013/01/14 01:47:23 [error] [php] include(/home/www/sitessvn/yii/demos/ireport/protected/extensions/jasPHP/libs/xml2pdf/components/fpdf153/FPDF.php): failed to open stream: No such file or directory (/home/www/sitessvn/yii/framework/YiiBase.php:397)
Stack trace:
#0 /home/www/sitessvn/yii/demos/ireport/protected/extensions/jasPHP/libs/xml2pdf/main/Pdf.php(39): spl_autoload_call()
#1 /home/www/sitessvn/yii/framework/YiiBase.php(397): include()
#2 unknown(0): autoload()
#3 /home/www/sitessvn/yii/demos/ireport/protected/extensions/jasPHP/libs/xml2pdf/Xml2Pdf.php(232): spl_autoload_call()
#4 /home/www/sitessvn/yii/demos/ireport/protected/extensions/jasPHP/xml/JasperXml.php(361): Xml2Pdf->__construct()
#5 /home/www/sitessvn/yii/demos/ireport/protected/extensions/jasPHP/xml/JasperXml.php(176): JasperXml->generatePdf()
#6 /home/www/sitessvn/yii/demos/ireport/protected/extensions/jasPHP/JasperReader.php(99): JasperXml->printJasper()
#7 /home/www/sitessvn/yii/demos/ireport/protected/extensions/jasPHP/JasPHP.php(6): JasperReader->read()
#8 /home/www/sitessvn/yii/demos/ireport/protected/controllers/SiteController.php(34): JasPHP->create()
#9 /home/www/sitessvn/yii/framework/web/actions/CInlineAction.php(50): SiteController->actionIndex()
#10 /home/www/sitessvn/yii/framework/web/CController.php(309): CInlineAction->runWithParams()
#11 /home/www/sitessvn/yii/framework/web/CController.php(287): SiteController->runAction()
#12 /home/www/sitessvn/yii/framework/web/CController.php(266): SiteController->runActionWithFilters()
#13 /home/www/sitessvn/yii/framework/web/CWebApplication.php(283): SiteController->run()
#14 /home/www/sitessvn/yii/framework/web/CWebApplication.php(142): CWebApplication->runController()
#15 /home/www/sitessvn/yii/framework/base/CApplication.php(162): CWebApplication->processRequest()
#16 /home/www/sitessvn/yii/demos/ireport/index.php(13): CWebApplication->run()
REQUEST_URI=/ireport/index.php?r=site/index&type=jasphp&file=sample3&p=1
in /home/www/sitessvn/yii/demos/ireport/protected/extensions/jasPHP/libs/xml2pdf/main/Pdf.php (39)
in /home/www/sitessvn/yii/demos/ireport/protected/extensions/jasPHP/libs/xml2pdf/Xml2Pdf.php (232)
in /home/www/sitessvn/yii/demos/ireport/protected/extensions/jasPHP/xml/JasperXml.php (361)
2013/01/14 01:50:11 [error] [php] include(/home/www/sitessvn/yii/demos/ireport/protected/extensions/jasPHP/libs/xml2pdf/components/fpdf153/FPDF.php): failed to open stream: No such file or directory (/home/www/sitessvn/yii/framework/YiiBase.php:397)
Stack trace:
#0 /home/www/sitessvn/yii/demos/ireport/protected/extensions/jasPHP/libs/xml2pdf/main/Pdf.php(39): spl_autoload_call()
#1 /home/www/sitessvn/yii/framework/YiiBase.php(397): include()
#2 unknown(0): autoload()
#3 /home/www/sitessvn/yii/demos/ireport/protected/extensions/jasPHP/libs/xml2pdf/Xml2Pdf.php(232): spl_autoload_call()
#4 /home/www/sitessvn/yii/demos/ireport/protected/extensions/jasPHP/xml/JasperXml.php(361): Xml2Pdf->__construct()
#5 /home/www/sitessvn/yii/demos/ireport/protected/extensions/jasPHP/xml/JasperXml.php(176): JasperXml->generatePdf()
#6 /home/www/sitessvn/yii/demos/ireport/protected/extensions/jasPHP/JasperReader.php(99): JasperXml->printJasper()
#7 /home/www/sitessvn/yii/demos/ireport/protected/extensions/jasPHP/JasPHP.php(6): JasperReader->read()
#8 /home/www/sitessvn/yii/demos/ireport/protected/controllers/SiteController.php(34): JasPHP->create()
#9 /home/www/sitessvn/yii/framework/web/actions/CInlineAction.php(50): SiteController->actionIndex()
#10 /home/www/sitessvn/yii/framework/web/CController.php(309): CInlineAction->runWithParams()
#11 /home/www/sitessvn/yii/framework/web/CController.php(287): SiteController->runAction()
#12 /home/www/sitessvn/yii/framework/web/CController.php(266): SiteController->runActionWithFilters()
#13 /home/www/sitessvn/yii/framework/web/CWebApplication.php(283): SiteController->run()
#14 /home/www/sitessvn/yii/framework/web/CWebApplication.php(142): CWebApplication->runController()
#15 /home/www/sitessvn/yii/framework/base/CApplication.php(162): CWebApplication->processRequest()
#16 /home/www/sitessvn/yii/demos/ireport/index.php(13): CWebApplication->run()
REQUEST_URI=/ireport/index.php?r=site/index&type=jasphp&file=sample3&p=1
in /home/www/sitessvn/yii/demos/ireport/protected/extensions/jasPHP/libs/xml2pdf/main/Pdf.php (39)
in /home/www/sitessvn/yii/demos/ireport/protected/extensions/jasPHP/libs/xml2pdf/Xml2Pdf.php (232)
in /home/www/sitessvn/yii/demos/ireport/protected/extensions/jasPHP/xml/JasperXml.php (361)
2013/01/14 01:50:14 [error] [php] include(/home/www/sitessvn/yii/demos/ireport/protected/extensions/jasPHP/libs/xml2pdf/components/fpdf153/FPDF.php): failed to open stream: No such file or directory (/home/www/sitessvn/yii/framework/YiiBase.php:397)
Stack trace:
#0 /home/www/sitessvn/yii/demos/ireport/protected/extensions/jasPHP/libs/xml2pdf/main/Pdf.php(39): spl_autoload_call()
#1 /home/www/sitessvn/yii/framework/YiiBase.php(397): include()
#2 unknown(0): autoload()
#3 /home/www/sitessvn/yii/demos/ireport/protected/extensions/jasPHP/libs/xml2pdf/Xml2Pdf.php(232): spl_autoload_call()
#4 /home/www/sitessvn/yii/demos/ireport/protected/extensions/jasPHP/xml/JasperXml.php(361): Xml2Pdf->__construct()
#5 /home/www/sitessvn/yii/demos/ireport/protected/extensions/jasPHP/xml/JasperXml.php(176): JasperXml->generatePdf()
#6 /home/www/sitessvn/yii/demos/ireport/protected/extensions/jasPHP/JasperReader.php(99): JasperXml->printJasper()
#7 /home/www/sitessvn/yii/demos/ireport/protected/extensions/jasPHP/JasPHP.php(6): JasperReader->read()
#8 /home/www/sitessvn/yii/demos/ireport/protected/controllers/SiteController.php(34): JasPHP->create()
#9 /home/www/sitessvn/yii/framework/web/actions/CInlineAction.php(50): SiteController->actionIndex()
#10 /home/www/sitessvn/yii/framework/web/CController.php(309): CInlineAction->runWithParams()
#11 /home/www/sitessvn/yii/framework/web/CController.php(287): SiteController->runAction()
#12 /home/www/sitessvn/yii/framework/web/CController.php(266): SiteController->runActionWithFilters()
#13 /home/www/sitessvn/yii/framework/web/CWebApplication.php(283): SiteController->run()
#14 /home/www/sitessvn/yii/framework/web/CWebApplication.php(142): CWebApplication->runController()
#15 /home/www/sitessvn/yii/framework/base/CApplication.php(162): CWebApplication->processRequest()
#16 /home/www/sitessvn/yii/demos/ireport/index.php(13): CWebApplication->run()
REQUEST_URI=/ireport/index.php?r=site/index&type=jasphp&file=sample3&p=1
in /home/www/sitessvn/yii/demos/ireport/protected/extensions/jasPHP/libs/xml2pdf/main/Pdf.php (39)
in /home/www/sitessvn/yii/demos/ireport/protected/extensions/jasPHP/libs/xml2pdf/Xml2Pdf.php (232)
in /home/www/sitessvn/yii/demos/ireport/protected/extensions/jasPHP/xml/JasperXml.php (361)
2013/01/14 01:50:55 [error] [php] fopen(/home/www/sitessvn/yii/demos/ireport/protected/extensions/JasPHP/style.txt): failed to open stream: No such file or directory (/home/www/sitessvn/yii/demos/ireport/protected/extensions/jasPHP/libs/xml2pdf/plugins/tags/xml2pdf.tag.stylesheet.php:94)
Stack trace:
#0 /home/www/sitessvn/yii/demos/ireport/protected/extensions/jasPHP/libs/xml2pdf/Xml2Pdf.php(308): xml2pdf_tag_stylesheet->__construct()
#1 unknown(0): Xml2Pdf->_parseOpeningTag()
#2 /home/www/sitessvn/yii/demos/ireport/protected/extensions/jasPHP/libs/xml2pdf/Xml2Pdf.php(268): xml_parse()
#3 /home/www/sitessvn/yii/demos/ireport/protected/extensions/jasPHP/libs/xml2pdf/Xml2Pdf.php(246): Xml2Pdf->_parse()
#4 /home/www/sitessvn/yii/demos/ireport/protected/extensions/jasPHP/xml/JasperXml.php(362): Xml2Pdf->render()
#5 /home/www/sitessvn/yii/demos/ireport/protected/extensions/jasPHP/xml/JasperXml.php(176): JasperXml->generatePdf()
#6 /home/www/sitessvn/yii/demos/ireport/protected/extensions/jasPHP/JasperReader.php(99): JasperXml->printJasper()
#7 /home/www/sitessvn/yii/demos/ireport/protected/extensions/jasPHP/JasPHP.php(6): JasperReader->read()
#8 /home/www/sitessvn/yii/demos/ireport/protected/controllers/SiteController.php(34): JasPHP->create()
#9 /home/www/sitessvn/yii/framework/web/actions/CInlineAction.php(50): SiteController->actionIndex()
#10 /home/www/sitessvn/yii/framework/web/CController.php(309): CInlineAction->runWithParams()
#11 /home/www/sitessvn/yii/framework/web/CController.php(287): SiteController->runAction()
#12 /home/www/sitessvn/yii/framework/web/CController.php(266): SiteController->runActionWithFilters()
#13 /home/www/sitessvn/yii/framework/web/CWebApplication.php(283): SiteController->run()
#14 /home/www/sitessvn/yii/framework/web/CWebApplication.php(142): CWebApplication->runController()
#15 /home/www/sitessvn/yii/framework/base/CApplication.php(162): CWebApplication->processRequest()
#16 /home/www/sitessvn/yii/demos/ireport/index.php(13): CWebApplication->run()
REQUEST_URI=/ireport/index.php?r=site/index&type=jasphp&file=sample3&p=1
in /home/www/sitessvn/yii/demos/ireport/protected/extensions/jasPHP/libs/xml2pdf/plugins/tags/xml2pdf.tag.stylesheet.php (94)
in /home/www/sitessvn/yii/demos/ireport/protected/extensions/jasPHP/libs/xml2pdf/plugins/tags/xml2pdf.tag.stylesheet.php (80)
in /home/www/sitessvn/yii/demos/ireport/protected/extensions/jasPHP/libs/xml2pdf/Xml2Pdf.php (308)
